mode: set
github.com/buhuipao/anyproxy/pkg/proxy/client.go:42.64,50.2 1 1
github.com/buhuipao/anyproxy/pkg/proxy/client.go:53.37,56.12 2 1
github.com/buhuipao/anyproxy/pkg/proxy/client.go:56.12,59.3 2 1
github.com/buhuipao/anyproxy/pkg/proxy/client.go:61.2,61.12 1 1
github.com/buhuipao/anyproxy/pkg/proxy/client.go:65.36,76.21 5 1
github.com/buhuipao/anyproxy/pkg/proxy/client.go:76.21,78.3 1 0
github.com/buhuipao/anyproxy/pkg/proxy/client.go:81.2,84.21 2 1
github.com/buhuipao/anyproxy/pkg/proxy/client.go:84.21,86.3 1 0
github.com/buhuipao/anyproxy/pkg/proxy/client.go:89.2,93.12 3 1
github.com/buhuipao/anyproxy/pkg/proxy/client.go:93.12,96.3 2 1
github.com/buhuipao/anyproxy/pkg/proxy/client.go:98.2,98.9 1 1
github.com/buhuipao/anyproxy/pkg/proxy/client.go:99.14,100.58 1 1
github.com/buhuipao/anyproxy/pkg/proxy/client.go:101.37,102.73 1 0
github.com/buhuipao/anyproxy/pkg/proxy/client.go:105.2,105.12 1 1
github.com/buhuipao/anyproxy/pkg/proxy/client.go:109.40,113.6 3 1
github.com/buhuipao/anyproxy/pkg/proxy/client.go:113.6,114.10 1 1
github.com/buhuipao/anyproxy/pkg/proxy/client.go:115.19,116.10 1 0
github.com/buhuipao/anyproxy/pkg/proxy/client.go:117.11,117.11 0 1
github.com/buhuipao/anyproxy/pkg/proxy/client.go:121.3,121.37 1 1
github.com/buhuipao/anyproxy/pkg/proxy/client.go:121.37,125.11 2 1
github.com/buhuipao/anyproxy/pkg/proxy/client.go:126.20,127.11 1 1
github.com/buhuipao/anyproxy/pkg/proxy/client.go:128.31,128.31 0 0
github.com/buhuipao/anyproxy/pkg/proxy/client.go:132.4,133.28 2 0
github.com/buhuipao/anyproxy/pkg/proxy/client.go:133.28,135.5 1 0
github.com/buhuipao/anyproxy/pkg/proxy/client.go:136.4,136.12 1 0
github.com/buhuipao/anyproxy/pkg/proxy/client.go:140.3,148.14 5 0
github.com/buhuipao/anyproxy/pkg/proxy/client.go:153.33,167.2 6 0
github.com/buhuipao/anyproxy/pkg/proxy/client.go:170.45,173.31 3 1
github.com/buhuipao/anyproxy/pkg/proxy/client.go:173.31,175.3 1 1
github.com/buhuipao/anyproxy/pkg/proxy/client.go:176.2,176.37 1 1
github.com/buhuipao/anyproxy/pkg/proxy/client.go:180.39,183.16 2 1
github.com/buhuipao/anyproxy/pkg/proxy/client.go:183.16,185.3 1 0
github.com/buhuipao/anyproxy/pkg/proxy/client.go:188.2,213.16 8 1
github.com/buhuipao/anyproxy/pkg/proxy/client.go:213.16,215.3 1 1
github.com/buhuipao/anyproxy/pkg/proxy/client.go:217.2,223.12 4 0
github.com/buhuipao/anyproxy/pkg/proxy/client.go:226.49,228.2 1 1
github.com/buhuipao/anyproxy/pkg/proxy/client.go:231.62,238.35 2 1
github.com/buhuipao/anyproxy/pkg/proxy/client.go:238.35,240.17 2 1
github.com/buhuipao/anyproxy/pkg/proxy/client.go:240.17,242.4 1 1
github.com/buhuipao/anyproxy/pkg/proxy/client.go:244.3,246.33 3 0
github.com/buhuipao/anyproxy/pkg/proxy/client.go:249.2,249.23 1 1
github.com/buhuipao/anyproxy/pkg/proxy/client.go:253.40,254.6 1 0
github.com/buhuipao/anyproxy/pkg/proxy/client.go:254.6,255.10 1 0
github.com/buhuipao/anyproxy/pkg/proxy/client.go:256.19,257.10 1 0
github.com/buhuipao/anyproxy/pkg/proxy/client.go:258.11,258.11 0 0
github.com/buhuipao/anyproxy/pkg/proxy/client.go:262.3,263.49 2 0
github.com/buhuipao/anyproxy/pkg/proxy/client.go:263.49,266.4 2 0
github.com/buhuipao/anyproxy/pkg/proxy/client.go:269.3,270.10 2 0
github.com/buhuipao/anyproxy/pkg/proxy/client.go:270.10,272.12 2 0
github.com/buhuipao/anyproxy/pkg/proxy/client.go:275.3,275.18 1 0
github.com/buhuipao/anyproxy/pkg/proxy/client.go:276.35,278.23 1 0
github.com/buhuipao/anyproxy/pkg/proxy/client.go:279.11,280.51 1 0
github.com/buhuipao/anyproxy/pkg/proxy/client.go:286.64,288.9 2 1
github.com/buhuipao/anyproxy/pkg/proxy/client.go:288.9,291.3 2 1
github.com/buhuipao/anyproxy/pkg/proxy/client.go:293.2,296.26 2 1
github.com/buhuipao/anyproxy/pkg/proxy/client.go:296.26,298.3 1 1
github.com/buhuipao/anyproxy/pkg/proxy/client.go:300.2,304.13 4 1
github.com/buhuipao/anyproxy/pkg/proxy/client.go:304.13,307.3 1 1
github.com/buhuipao/anyproxy/pkg/proxy/client.go:310.2,310.9 1 1
github.com/buhuipao/anyproxy/pkg/proxy/client.go:311.22,311.22 0 1
github.com/buhuipao/anyproxy/pkg/proxy/client.go:312.10,313.81 1 0
github.com/buhuipao/anyproxy/pkg/proxy/client.go:318.59,327.12 6 1
github.com/buhuipao/anyproxy/pkg/proxy/client.go:327.12,330.3 2 1
github.com/buhuipao/anyproxy/pkg/proxy/client.go:334.101,335.6 1 1
github.com/buhuipao/anyproxy/pkg/proxy/client.go:335.6,336.10 1 1
github.com/buhuipao/anyproxy/pkg/proxy/client.go:337.19,338.10 1 1
github.com/buhuipao/anyproxy/pkg/proxy/client.go:339.29,340.11 1 1
github.com/buhuipao/anyproxy/pkg/proxy/client.go:340.11,342.5 1 0
github.com/buhuipao/anyproxy/pkg/proxy/client.go:344.4,345.19 2 1
github.com/buhuipao/anyproxy/pkg/proxy/client.go:346.19,347.32 1 1
github.com/buhuipao/anyproxy/pkg/proxy/client.go:348.16,349.29 1 0
github.com/buhuipao/anyproxy/pkg/proxy/client.go:350.17,352.11 2 0
github.com/buhuipao/anyproxy/pkg/proxy/client.go:359.72,362.9 2 1
github.com/buhuipao/anyproxy/pkg/proxy/client.go:362.9,365.3 2 0
github.com/buhuipao/anyproxy/pkg/proxy/client.go:367.2,368.9 2 1
github.com/buhuipao/anyproxy/pkg/proxy/client.go:368.9,371.3 2 1
github.com/buhuipao/anyproxy/pkg/proxy/client.go:373.2,374.9 2 0
github.com/buhuipao/anyproxy/pkg/proxy/client.go:374.9,377.3 2 0
github.com/buhuipao/anyproxy/pkg/proxy/client.go:379.2,382.37 2 0
github.com/buhuipao/anyproxy/pkg/proxy/client.go:382.37,386.3 3 0
github.com/buhuipao/anyproxy/pkg/proxy/client.go:389.2,390.16 2 0
github.com/buhuipao/anyproxy/pkg/proxy/client.go:390.16,394.3 3 0
github.com/buhuipao/anyproxy/pkg/proxy/client.go:396.2,404.64 5 0
github.com/buhuipao/anyproxy/pkg/proxy/client.go:404.64,408.3 3 0
github.com/buhuipao/anyproxy/pkg/proxy/client.go:411.2,412.12 2 0
github.com/buhuipao/anyproxy/pkg/proxy/client.go:412.12,415.3 2 0
github.com/buhuipao/anyproxy/pkg/proxy/client.go:419.95,426.32 2 1
github.com/buhuipao/anyproxy/pkg/proxy/client.go:426.32,428.3 1 0
github.com/buhuipao/anyproxy/pkg/proxy/client.go:430.2,430.37 1 1
github.com/buhuipao/anyproxy/pkg/proxy/client.go:434.55,441.9 5 0
github.com/buhuipao/anyproxy/pkg/proxy/client.go:441.9,444.3 2 0
github.com/buhuipao/anyproxy/pkg/proxy/client.go:447.2,449.6 2 0
github.com/buhuipao/anyproxy/pkg/proxy/client.go:449.6,450.10 1 0
github.com/buhuipao/anyproxy/pkg/proxy/client.go:451.19,453.10 2 0
github.com/buhuipao/anyproxy/pkg/proxy/client.go:454.11,454.11 0 0
github.com/buhuipao/anyproxy/pkg/proxy/client.go:458.3,461.12 3 0
github.com/buhuipao/anyproxy/pkg/proxy/client.go:461.12,470.23 3 0
github.com/buhuipao/anyproxy/pkg/proxy/client.go:470.23,474.5 3 0
github.com/buhuipao/anyproxy/pkg/proxy/client.go:477.3,477.17 1 0
github.com/buhuipao/anyproxy/pkg/proxy/client.go:477.17,478.61 1 0
github.com/buhuipao/anyproxy/pkg/proxy/client.go:478.61,479.13 1 0
github.com/buhuipao/anyproxy/pkg/proxy/client.go:482.4,482.21 1 0
github.com/buhuipao/anyproxy/pkg/proxy/client.go:482.21,484.5 1 0
github.com/buhuipao/anyproxy/pkg/proxy/client.go:487.4,493.10 3 0
github.com/buhuipao/anyproxy/pkg/proxy/client.go:499.64,501.53 2 1
github.com/buhuipao/anyproxy/pkg/proxy/client.go:501.53,503.3 1 1
github.com/buhuipao/anyproxy/pkg/proxy/client.go:505.2,505.52 1 1
github.com/buhuipao/anyproxy/pkg/proxy/client.go:505.52,506.41 1 1
github.com/buhuipao/anyproxy/pkg/proxy/client.go:506.41,508.4 1 1
github.com/buhuipao/anyproxy/pkg/proxy/client.go:511.2,511.13 1 1
github.com/buhuipao/anyproxy/pkg/proxy/client.go:515.69,518.9 2 1
github.com/buhuipao/anyproxy/pkg/proxy/client.go:518.9,521.3 2 1
github.com/buhuipao/anyproxy/pkg/proxy/client.go:523.2,524.9 2 1
github.com/buhuipao/anyproxy/pkg/proxy/client.go:524.9,527.3 2 1
github.com/buhuipao/anyproxy/pkg/proxy/client.go:530.2,531.16 2 1
github.com/buhuipao/anyproxy/pkg/proxy/client.go:531.16,534.3 2 1
github.com/buhuipao/anyproxy/pkg/proxy/client.go:537.2,540.9 4 1
github.com/buhuipao/anyproxy/pkg/proxy/client.go:540.9,543.3 2 1
github.com/buhuipao/anyproxy/pkg/proxy/client.go:546.2,547.16 2 1
github.com/buhuipao/anyproxy/pkg/proxy/client.go:547.16,551.3 3 0
github.com/buhuipao/anyproxy/pkg/proxy/client.go:555.70,557.9 2 1
github.com/buhuipao/anyproxy/pkg/proxy/client.go:557.9,560.3 2 1
github.com/buhuipao/anyproxy/pkg/proxy/client.go:562.2,562.29 1 1
github.com/buhuipao/anyproxy/pkg/proxy/client.go:566.56,569.12 3 1
github.com/buhuipao/anyproxy/pkg/proxy/client.go:569.12,571.3 1 1
github.com/buhuipao/anyproxy/pkg/proxy/client.go:572.2,576.51 3 1
github.com/buhuipao/anyproxy/pkg/proxy/client.go:576.51,579.3 2 1
github.com/buhuipao/anyproxy/pkg/proxy/client.go:580.2,582.27 2 1
github.com/buhuipao/anyproxy/pkg/proxy/client.go:582.27,585.3 2 1
github.com/buhuipao/anyproxy/pkg/proxy/connection_wrapper.go:17.80,26.69 3 1
github.com/buhuipao/anyproxy/pkg/proxy/connection_wrapper.go:26.69,27.41 1 1
github.com/buhuipao/anyproxy/pkg/proxy/connection_wrapper.go:27.41,28.24 1 1
github.com/buhuipao/anyproxy/pkg/proxy/connection_wrapper.go:28.24,29.64 1 1
github.com/buhuipao/anyproxy/pkg/proxy/connection_wrapper.go:29.64,31.6 1 1
github.com/buhuipao/anyproxy/pkg/proxy/connection_wrapper.go:32.10,32.31 1 1
github.com/buhuipao/anyproxy/pkg/proxy/connection_wrapper.go:32.31,33.64 1 1
github.com/buhuipao/anyproxy/pkg/proxy/connection_wrapper.go:33.64,35.6 1 1
github.com/buhuipao/anyproxy/pkg/proxy/connection_wrapper.go:41.2,41.23 1 1
github.com/buhuipao/anyproxy/pkg/proxy/connection_wrapper.go:41.23,42.23 1 1
github.com/buhuipao/anyproxy/pkg/proxy/connection_wrapper.go:42.23,47.4 1 1
github.com/buhuipao/anyproxy/pkg/proxy/connection_wrapper.go:47.9,52.4 1 1
github.com/buhuipao/anyproxy/pkg/proxy/connection_wrapper.go:55.2,61.16 2 1
github.com/buhuipao/anyproxy/pkg/proxy/connection_wrapper.go:65.45,67.2 1 1
github.com/buhuipao/anyproxy/pkg/proxy/connection_wrapper.go:70.46,72.2 1 1
github.com/buhuipao/anyproxy/pkg/proxy/gateway.go:34.55,39.44 1 1
github.com/buhuipao/anyproxy/pkg/proxy/gateway.go:39.44,41.5 1 0
github.com/buhuipao/anyproxy/pkg/proxy/gateway.go:47.2,47.78 1 1
github.com/buhuipao/anyproxy/pkg/proxy/gateway.go:47.78,50.17 2 0
github.com/buhuipao/anyproxy/pkg/proxy/gateway.go:50.17,52.4 1 0
github.com/buhuipao/anyproxy/pkg/proxy/gateway.go:53.3,53.43 1 0
github.com/buhuipao/anyproxy/pkg/proxy/gateway.go:57.2,60.37 2 1
github.com/buhuipao/anyproxy/pkg/proxy/gateway.go:60.37,62.17 2 1
github.com/buhuipao/anyproxy/pkg/proxy/gateway.go:62.17,64.4 1 0
github.com/buhuipao/anyproxy/pkg/proxy/gateway.go:65.3,66.68 2 1
github.com/buhuipao/anyproxy/pkg/proxy/gateway.go:70.2,70.39 1 1
github.com/buhuipao/anyproxy/pkg/proxy/gateway.go:70.39,72.17 2 1
github.com/buhuipao/anyproxy/pkg/proxy/gateway.go:72.17,74.4 1 0
github.com/buhuipao/anyproxy/pkg/proxy/gateway.go:75.3,76.72 2 1
github.com/buhuipao/anyproxy/pkg/proxy/gateway.go:80.2,80.23 1 1
github.com/buhuipao/anyproxy/pkg/proxy/gateway.go:80.23,82.3 1 1
github.com/buhuipao/anyproxy/pkg/proxy/gateway.go:84.2,86.21 2 1
github.com/buhuipao/anyproxy/pkg/proxy/gateway.go:90.33,92.44 1 0
github.com/buhuipao/anyproxy/pkg/proxy/gateway.go:92.44,94.3 1 0
github.com/buhuipao/anyproxy/pkg/proxy/gateway.go:97.2,97.34 1 0
github.com/buhuipao/anyproxy/pkg/proxy/gateway.go:97.34,98.39 1 0
github.com/buhuipao/anyproxy/pkg/proxy/gateway.go:98.39,100.27 1 0
github.com/buhuipao/anyproxy/pkg/proxy/gateway.go:100.27,102.5 1 0
github.com/buhuipao/anyproxy/pkg/proxy/gateway.go:103.4,103.61 1 0
github.com/buhuipao/anyproxy/pkg/proxy/gateway.go:107.2,107.12 1 0
github.com/buhuipao/anyproxy/pkg/proxy/gateway.go:111.43,114.16 2 0
github.com/buhuipao/anyproxy/pkg/proxy/gateway.go:114.16,116.3 1 0
github.com/buhuipao/anyproxy/pkg/proxy/gateway.go:119.2,136.12 6 0
github.com/buhuipao/anyproxy/pkg/proxy/gateway.go:136.12,139.81 3 0
github.com/buhuipao/anyproxy/pkg/proxy/gateway.go:139.81,141.4 1 0
github.com/buhuipao/anyproxy/pkg/proxy/gateway.go:144.2,144.12 1 0
github.com/buhuipao/anyproxy/pkg/proxy/gateway.go:148.32,157.51 5 0
github.com/buhuipao/anyproxy/pkg/proxy/gateway.go:157.51,159.3 1 0
github.com/buhuipao/anyproxy/pkg/proxy/gateway.go:162.2,162.34 1 0
github.com/buhuipao/anyproxy/pkg/proxy/gateway.go:162.34,163.38 1 0
github.com/buhuipao/anyproxy/pkg/proxy/gateway.go:163.38,165.4 1 0
github.com/buhuipao/anyproxy/pkg/proxy/gateway.go:169.2,174.35 4 0
github.com/buhuipao/anyproxy/pkg/proxy/gateway.go:174.35,176.3 1 0
github.com/buhuipao/anyproxy/pkg/proxy/gateway.go:177.2,181.12 3 0
github.com/buhuipao/anyproxy/pkg/proxy/gateway.go:181.12,184.3 2 0
github.com/buhuipao/anyproxy/pkg/proxy/gateway.go:186.2,186.9 1 0
github.com/buhuipao/anyproxy/pkg/proxy/gateway.go:187.14,188.59 1 0
github.com/buhuipao/anyproxy/pkg/proxy/gateway.go:189.37,190.74 1 0
github.com/buhuipao/anyproxy/pkg/proxy/gateway.go:193.2,193.12 1 0
github.com/buhuipao/anyproxy/pkg/proxy/gateway.go:197.75,199.20 2 0
github.com/buhuipao/anyproxy/pkg/proxy/gateway.go:199.20,202.3 2 0
github.com/buhuipao/anyproxy/pkg/proxy/gateway.go:205.2,206.83 2 0
github.com/buhuipao/anyproxy/pkg/proxy/gateway.go:206.83,209.3 2 0
github.com/buhuipao/anyproxy/pkg/proxy/gateway.go:212.2,213.16 2 0
github.com/buhuipao/anyproxy/pkg/proxy/gateway.go:213.16,216.3 2 0
github.com/buhuipao/anyproxy/pkg/proxy/gateway.go:219.2,239.12 8 0
github.com/buhuipao/anyproxy/pkg/proxy/gateway.go:239.12,241.16 2 0
github.com/buhuipao/anyproxy/pkg/proxy/gateway.go:241.16,245.4 3 0
github.com/buhuipao/anyproxy/pkg/proxy/gateway.go:246.3,246.25 1 0
github.com/buhuipao/anyproxy/pkg/proxy/gateway.go:251.49,255.2 3 1
github.com/buhuipao/anyproxy/pkg/proxy/gateway.go:258.49,262.2 3 1
github.com/buhuipao/anyproxy/pkg/proxy/gateway.go:265.58,269.25 3 1
github.com/buhuipao/anyproxy/pkg/proxy/gateway.go:269.25,271.3 1 1
github.com/buhuipao/anyproxy/pkg/proxy/gateway.go:274.2,274.35 1 1
github.com/buhuipao/anyproxy/pkg/proxy/gateway.go:274.35,276.3 1 1
github.com/buhuipao/anyproxy/pkg/proxy/gateway.go:278.2,278.48 1 0
github.com/buhuipao/anyproxy/pkg/proxy/gateway.go:309.74,336.16 9 0
github.com/buhuipao/anyproxy/pkg/proxy/gateway.go:336.16,340.3 2 0
github.com/buhuipao/anyproxy/pkg/proxy/gateway.go:343.2,343.50 1 0
github.com/buhuipao/anyproxy/pkg/proxy/gateway.go:347.29,348.23 1 1
github.com/buhuipao/anyproxy/pkg/proxy/gateway.go:348.23,373.31 11 1
github.com/buhuipao/anyproxy/pkg/proxy/gateway.go:373.31,375.4 1 0
github.com/buhuipao/anyproxy/pkg/proxy/gateway.go:376.3,379.34 2 0
github.com/buhuipao/anyproxy/pkg/proxy/gateway.go:379.34,381.4 1 0
github.com/buhuipao/anyproxy/pkg/proxy/gateway.go:384.3,385.13 2 0
github.com/buhuipao/anyproxy/pkg/proxy/gateway.go:385.13,388.4 2 0
github.com/buhuipao/anyproxy/pkg/proxy/gateway.go:390.3,390.10 1 0
github.com/buhuipao/anyproxy/pkg/proxy/gateway.go:391.15,392.76 1 0
github.com/buhuipao/anyproxy/pkg/proxy/gateway.go:393.38,394.82 1 0
github.com/buhuipao/anyproxy/pkg/proxy/gateway.go:399.38,400.6 1 0
github.com/buhuipao/anyproxy/pkg/proxy/gateway.go:400.6,401.10 1 0
github.com/buhuipao/anyproxy/pkg/proxy/gateway.go:402.19,403.10 1 0
github.com/buhuipao/anyproxy/pkg/proxy/gateway.go:404.11,404.11 0 0
github.com/buhuipao/anyproxy/pkg/proxy/gateway.go:408.3,409.47 2 0
github.com/buhuipao/anyproxy/pkg/proxy/gateway.go:409.47,410.103 1 0
github.com/buhuipao/anyproxy/pkg/proxy/gateway.go:410.103,412.5 1 0
github.com/buhuipao/anyproxy/pkg/proxy/gateway.go:413.4,413.10 1 0
github.com/buhuipao/anyproxy/pkg/proxy/gateway.go:417.3,418.10 2 0
github.com/buhuipao/anyproxy/pkg/proxy/gateway.go:418.10,420.12 2 0
github.com/buhuipao/anyproxy/pkg/proxy/gateway.go:423.3,423.18 1 0
github.com/buhuipao/anyproxy/pkg/proxy/gateway.go:424.44,426.23 1 0
github.com/buhuipao/anyproxy/pkg/proxy/gateway.go:427.11,428.51 1 0
github.com/buhuipao/anyproxy/pkg/proxy/gateway.go:434.63,436.9 2 1
github.com/buhuipao/anyproxy/pkg/proxy/gateway.go:436.9,439.3 2 1
github.com/buhuipao/anyproxy/pkg/proxy/gateway.go:441.2,444.35 2 1
github.com/buhuipao/anyproxy/pkg/proxy/gateway.go:444.35,446.3 1 1
github.com/buhuipao/anyproxy/pkg/proxy/gateway.go:448.2,452.13 4 1
github.com/buhuipao/anyproxy/pkg/proxy/gateway.go:452.13,455.3 1 1
github.com/buhuipao/anyproxy/pkg/proxy/gateway.go:458.2,458.9 1 1
github.com/buhuipao/anyproxy/pkg/proxy/gateway.go:459.22,459.22 0 1
github.com/buhuipao/anyproxy/pkg/proxy/gateway.go:460.10,461.81 1 0
github.com/buhuipao/anyproxy/pkg/proxy/gateway.go:466.58,471.45 3 1
github.com/buhuipao/anyproxy/pkg/proxy/gateway.go:471.45,473.3 1 1
github.com/buhuipao/anyproxy/pkg/proxy/gateway.go:475.2,480.12 4 1
github.com/buhuipao/anyproxy/pkg/proxy/gateway.go:480.12,483.3 2 1
github.com/buhuipao/anyproxy/pkg/proxy/gateway.go:487.100,488.6 1 1
github.com/buhuipao/anyproxy/pkg/proxy/gateway.go:488.6,489.10 1 1
github.com/buhuipao/anyproxy/pkg/proxy/gateway.go:490.19,491.10 1 1
github.com/buhuipao/anyproxy/pkg/proxy/gateway.go:492.29,493.11 1 1
github.com/buhuipao/anyproxy/pkg/proxy/gateway.go:493.11,495.5 1 0
github.com/buhuipao/anyproxy/pkg/proxy/gateway.go:497.4,498.19 2 1
github.com/buhuipao/anyproxy/pkg/proxy/gateway.go:499.28,500.40 1 1
github.com/buhuipao/anyproxy/pkg/proxy/gateway.go:501.16,502.29 1 0
github.com/buhuipao/anyproxy/pkg/proxy/gateway.go:503.17,505.11 2 0
github.com/buhuipao/anyproxy/pkg/proxy/gateway.go:512.68,515.9 2 0
github.com/buhuipao/anyproxy/pkg/proxy/gateway.go:515.9,518.3 2 0
github.com/buhuipao/anyproxy/pkg/proxy/gateway.go:521.2,522.9 2 0
github.com/buhuipao/anyproxy/pkg/proxy/gateway.go:522.9,525.3 2 0
github.com/buhuipao/anyproxy/pkg/proxy/gateway.go:528.2,529.16 2 0
github.com/buhuipao/anyproxy/pkg/proxy/gateway.go:529.16,532.3 2 0
github.com/buhuipao/anyproxy/pkg/proxy/gateway.go:535.2,535.23 1 0
github.com/buhuipao/anyproxy/pkg/proxy/gateway.go:535.23,537.3 1 0
github.com/buhuipao/anyproxy/pkg/proxy/gateway.go:540.2,543.9 4 0
github.com/buhuipao/anyproxy/pkg/proxy/gateway.go:543.9,546.3 2 0
github.com/buhuipao/anyproxy/pkg/proxy/gateway.go:549.2,550.16 2 0
github.com/buhuipao/anyproxy/pkg/proxy/gateway.go:550.16,554.3 3 0
github.com/buhuipao/anyproxy/pkg/proxy/gateway.go:557.2,557.15 1 0
github.com/buhuipao/anyproxy/pkg/proxy/gateway.go:557.15,559.3 1 0
github.com/buhuipao/anyproxy/pkg/proxy/gateway.go:563.69,566.9 2 0
github.com/buhuipao/anyproxy/pkg/proxy/gateway.go:566.9,569.3 2 0
github.com/buhuipao/anyproxy/pkg/proxy/gateway.go:572.2,576.9 4 0
github.com/buhuipao/anyproxy/pkg/proxy/gateway.go:576.9,579.3 2 0
github.com/buhuipao/anyproxy/pkg/proxy/gateway.go:581.2,582.27 2 0
github.com/buhuipao/anyproxy/pkg/proxy/gateway.go:586.79,589.9 2 1
github.com/buhuipao/anyproxy/pkg/proxy/gateway.go:589.9,592.3 2 0
github.com/buhuipao/anyproxy/pkg/proxy/gateway.go:594.2,598.13 4 1
github.com/buhuipao/anyproxy/pkg/proxy/gateway.go:598.13,601.3 2 1
github.com/buhuipao/anyproxy/pkg/proxy/gateway.go:603.2,604.9 2 0
github.com/buhuipao/anyproxy/pkg/proxy/gateway.go:604.9,607.3 2 0
github.com/buhuipao/anyproxy/pkg/proxy/gateway.go:609.2,609.13 1 0
github.com/buhuipao/anyproxy/pkg/proxy/gateway.go:609.13,613.13 3 0
github.com/buhuipao/anyproxy/pkg/proxy/gateway.go:613.13,616.4 2 0
github.com/buhuipao/anyproxy/pkg/proxy/gateway.go:617.3,617.9 1 0
github.com/buhuipao/anyproxy/pkg/proxy/gateway.go:621.2,623.27 3 0
github.com/buhuipao/anyproxy/pkg/proxy/gateway.go:626.61,634.6 5 0
github.com/buhuipao/anyproxy/pkg/proxy/gateway.go:634.6,635.10 1 0
github.com/buhuipao/anyproxy/pkg/proxy/gateway.go:636.19,638.10 2 0
github.com/buhuipao/anyproxy/pkg/proxy/gateway.go:639.25,641.10 2 0
github.com/buhuipao/anyproxy/pkg/proxy/gateway.go:642.11,642.11 0 0
github.com/buhuipao/anyproxy/pkg/proxy/gateway.go:646.3,650.18 4 0
github.com/buhuipao/anyproxy/pkg/proxy/gateway.go:650.18,653.4 2 0
github.com/buhuipao/anyproxy/pkg/proxy/gateway.go:656.3,660.12 3 0
github.com/buhuipao/anyproxy/pkg/proxy/gateway.go:660.12,663.43 2 0
github.com/buhuipao/anyproxy/pkg/proxy/gateway.go:663.43,665.5 1 0
github.com/buhuipao/anyproxy/pkg/proxy/gateway.go:668.4,676.23 3 0
github.com/buhuipao/anyproxy/pkg/proxy/gateway.go:676.23,680.5 3 0
github.com/buhuipao/anyproxy/pkg/proxy/gateway.go:682.4,682.17 1 0
github.com/buhuipao/anyproxy/pkg/proxy/gateway.go:682.17,684.5 1 0
github.com/buhuipao/anyproxy/pkg/proxy/gateway.go:687.3,687.17 1 0
github.com/buhuipao/anyproxy/pkg/proxy/gateway.go:687.17,689.61 1 0
github.com/buhuipao/anyproxy/pkg/proxy/gateway.go:689.61,691.13 1 0
github.com/buhuipao/anyproxy/pkg/proxy/gateway.go:694.4,694.21 1 0
github.com/buhuipao/anyproxy/pkg/proxy/gateway.go:694.21,696.5 1 0
github.com/buhuipao/anyproxy/pkg/proxy/gateway.go:696.10,698.5 1 0
github.com/buhuipao/anyproxy/pkg/proxy/gateway.go:701.4,705.23 2 0
github.com/buhuipao/anyproxy/pkg/proxy/gateway.go:705.23,707.5 1 0
github.com/buhuipao/anyproxy/pkg/proxy/gateway.go:709.4,710.10 2 0
github.com/buhuipao/anyproxy/pkg/proxy/gateway.go:716.53,725.51 6 1
github.com/buhuipao/anyproxy/pkg/proxy/gateway.go:725.51,728.3 2 1
github.com/buhuipao/anyproxy/pkg/proxy/gateway.go:729.2,732.13 2 1
github.com/buhuipao/anyproxy/pkg/proxy/gateway.go:732.13,735.3 2 0
github.com/buhuipao/anyproxy/pkg/proxy/gateway.go:738.2,738.9 1 1
github.com/buhuipao/anyproxy/pkg/proxy/gateway.go:739.24,739.24 0 0
github.com/buhuipao/anyproxy/pkg/proxy/gateway.go:740.10,741.24 1 1
github.com/buhuipao/anyproxy/pkg/proxy/gateway.go:745.2,745.27 1 1
github.com/buhuipao/anyproxy/pkg/proxy/gateway.go:745.27,748.3 2 1
github.com/buhuipao/anyproxy/pkg/proxy/gateway.go:750.2,750.85 1 1
github.com/buhuipao/anyproxy/pkg/proxy/httpproxy.go:30.87,48.2 3 1
github.com/buhuipao/anyproxy/pkg/proxy/httpproxy.go:51.35,54.16 2 1
github.com/buhuipao/anyproxy/pkg/proxy/httpproxy.go:54.16,56.3 1 0
github.com/buhuipao/anyproxy/pkg/proxy/httpproxy.go:57.2,60.12 2 1
github.com/buhuipao/anyproxy/pkg/proxy/httpproxy.go:60.12,62.81 2 1
github.com/buhuipao/anyproxy/pkg/proxy/httpproxy.go:62.81,64.4 1 0
github.com/buhuipao/anyproxy/pkg/proxy/httpproxy.go:67.2,67.12 1 1
github.com/buhuipao/anyproxy/pkg/proxy/httpproxy.go:71.34,78.47 4 1
github.com/buhuipao/anyproxy/pkg/proxy/httpproxy.go:78.47,81.24 2 0
github.com/buhuipao/anyproxy/pkg/proxy/httpproxy.go:81.24,83.4 1 0
github.com/buhuipao/anyproxy/pkg/proxy/httpproxy.go:84.3,84.13 1 0
github.com/buhuipao/anyproxy/pkg/proxy/httpproxy.go:87.2,87.12 1 1
github.com/buhuipao/anyproxy/pkg/proxy/httpproxy.go:91.70,92.23 1 1
github.com/buhuipao/anyproxy/pkg/proxy/httpproxy.go:92.23,94.3 1 0
github.com/buhuipao/anyproxy/pkg/proxy/httpproxy.go:95.2,95.56 1 1
github.com/buhuipao/anyproxy/pkg/proxy/httpproxy.go:99.48,101.2 1 1
github.com/buhuipao/anyproxy/pkg/proxy/httpproxy.go:104.71,106.2 1 1
github.com/buhuipao/anyproxy/pkg/proxy/httpproxy.go:109.72,111.64 1 1
github.com/buhuipao/anyproxy/pkg/proxy/httpproxy.go:111.64,112.25 1 1
github.com/buhuipao/anyproxy/pkg/proxy/httpproxy.go:112.25,116.4 3 1
github.com/buhuipao/anyproxy/pkg/proxy/httpproxy.go:120.2,120.36 1 1
github.com/buhuipao/anyproxy/pkg/proxy/httpproxy.go:120.36,123.3 2 1
github.com/buhuipao/anyproxy/pkg/proxy/httpproxy.go:126.2,126.27 1 1
github.com/buhuipao/anyproxy/pkg/proxy/httpproxy.go:130.56,132.16 2 1
github.com/buhuipao/anyproxy/pkg/proxy/httpproxy.go:132.16,134.3 1 1
github.com/buhuipao/anyproxy/pkg/proxy/httpproxy.go:137.2,138.38 2 1
github.com/buhuipao/anyproxy/pkg/proxy/httpproxy.go:138.38,140.3 1 1
github.com/buhuipao/anyproxy/pkg/proxy/httpproxy.go:142.2,143.16 2 1
github.com/buhuipao/anyproxy/pkg/proxy/httpproxy.go:143.16,145.3 1 1
github.com/buhuipao/anyproxy/pkg/proxy/httpproxy.go:147.2,149.21 3 1
github.com/buhuipao/anyproxy/pkg/proxy/httpproxy.go:149.21,151.3 1 0
github.com/buhuipao/anyproxy/pkg/proxy/httpproxy.go:153.2,154.79 2 1
github.com/buhuipao/anyproxy/pkg/proxy/httpproxy.go:158.75,161.34 2 1
github.com/buhuipao/anyproxy/pkg/proxy/httpproxy.go:161.34,163.3 1 0
github.com/buhuipao/anyproxy/pkg/proxy/httpproxy.go:165.2,169.9 3 1
github.com/buhuipao/anyproxy/pkg/proxy/httpproxy.go:169.9,173.3 3 1
github.com/buhuipao/anyproxy/pkg/proxy/httpproxy.go:175.2,176.16 2 1
github.com/buhuipao/anyproxy/pkg/proxy/httpproxy.go:176.16,180.3 3 0
github.com/buhuipao/anyproxy/pkg/proxy/httpproxy.go:181.2,185.16 3 1
github.com/buhuipao/anyproxy/pkg/proxy/httpproxy.go:185.16,190.3 3 0
github.com/buhuipao/anyproxy/pkg/proxy/httpproxy.go:191.2,195.16 3 1
github.com/buhuipao/anyproxy/pkg/proxy/httpproxy.go:195.16,198.3 2 0
github.com/buhuipao/anyproxy/pkg/proxy/httpproxy.go:201.2,201.57 1 1
github.com/buhuipao/anyproxy/pkg/proxy/httpproxy.go:201.57,205.3 3 0
github.com/buhuipao/anyproxy/pkg/proxy/httpproxy.go:208.2,211.49 3 1
github.com/buhuipao/anyproxy/pkg/proxy/httpproxy.go:215.79,218.24 2 1
github.com/buhuipao/anyproxy/pkg/proxy/httpproxy.go:218.24,221.19 2 0
github.com/buhuipao/anyproxy/pkg/proxy/httpproxy.go:221.19,223.4 1 0
github.com/buhuipao/anyproxy/pkg/proxy/httpproxy.go:224.3,229.4 1 0
github.com/buhuipao/anyproxy/pkg/proxy/httpproxy.go:232.2,236.34 3 1
github.com/buhuipao/anyproxy/pkg/proxy/httpproxy.go:236.34,237.34 1 1
github.com/buhuipao/anyproxy/pkg/proxy/httpproxy.go:237.34,239.4 1 0
github.com/buhuipao/anyproxy/pkg/proxy/httpproxy.go:239.9,241.4 1 1
github.com/buhuipao/anyproxy/pkg/proxy/httpproxy.go:244.2,245.16 2 1
github.com/buhuipao/anyproxy/pkg/proxy/httpproxy.go:245.16,249.3 3 0
github.com/buhuipao/anyproxy/pkg/proxy/httpproxy.go:250.2,253.33 2 1
github.com/buhuipao/anyproxy/pkg/proxy/httpproxy.go:253.33,258.3 2 0
github.com/buhuipao/anyproxy/pkg/proxy/httpproxy.go:261.2,268.44 4 1
github.com/buhuipao/anyproxy/pkg/proxy/httpproxy.go:268.44,272.3 3 0
github.com/buhuipao/anyproxy/pkg/proxy/httpproxy.go:275.2,277.16 3 1
github.com/buhuipao/anyproxy/pkg/proxy/httpproxy.go:277.16,281.3 3 1
github.com/buhuipao/anyproxy/pkg/proxy/httpproxy.go:282.2,285.39 2 1
github.com/buhuipao/anyproxy/pkg/proxy/httpproxy.go:285.39,286.32 1 1
github.com/buhuipao/anyproxy/pkg/proxy/httpproxy.go:286.32,288.4 1 1
github.com/buhuipao/anyproxy/pkg/proxy/httpproxy.go:292.2,296.16 3 1
github.com/buhuipao/anyproxy/pkg/proxy/httpproxy.go:296.16,298.3 1 0
github.com/buhuipao/anyproxy/pkg/proxy/httpproxy.go:300.2,300.64 1 1
github.com/buhuipao/anyproxy/pkg/proxy/httpproxy.go:304.67,308.6 3 1
github.com/buhuipao/anyproxy/pkg/proxy/httpproxy.go:308.6,313.12 3 1
github.com/buhuipao/anyproxy/pkg/proxy/httpproxy.go:313.12,320.23 4 1
github.com/buhuipao/anyproxy/pkg/proxy/httpproxy.go:320.23,323.5 2 0
github.com/buhuipao/anyproxy/pkg/proxy/httpproxy.go:326.3,326.17 1 1
github.com/buhuipao/anyproxy/pkg/proxy/httpproxy.go:326.17,327.21 1 1
github.com/buhuipao/anyproxy/pkg/proxy/httpproxy.go:327.21,329.5 1 1
github.com/buhuipao/anyproxy/pkg/proxy/httpproxy.go:329.10,331.5 1 1
github.com/buhuipao/anyproxy/pkg/proxy/httpproxy.go:332.4,332.10 1 1
github.com/buhuipao/anyproxy/pkg/proxy/socks5proxy.go:23.91,25.54 2 1
github.com/buhuipao/anyproxy/pkg/proxy/socks5proxy.go:25.54,30.3 1 1
github.com/buhuipao/anyproxy/pkg/proxy/socks5proxy.go:33.2,45.8 2 1
github.com/buhuipao/anyproxy/pkg/proxy/socks5proxy.go:49.37,52.16 2 1
github.com/buhuipao/anyproxy/pkg/proxy/socks5proxy.go:52.16,54.3 1 0
github.com/buhuipao/anyproxy/pkg/proxy/socks5proxy.go:55.2,58.12 2 1
github.com/buhuipao/anyproxy/pkg/proxy/socks5proxy.go:58.12,60.50 2 1
github.com/buhuipao/anyproxy/pkg/proxy/socks5proxy.go:60.50,62.4 1 1
github.com/buhuipao/anyproxy/pkg/proxy/socks5proxy.go:65.2,65.12 1 1
github.com/buhuipao/anyproxy/pkg/proxy/socks5proxy.go:69.36,70.23 1 1
github.com/buhuipao/anyproxy/pkg/proxy/socks5proxy.go:70.23,73.3 2 1
github.com/buhuipao/anyproxy/pkg/proxy/socks5proxy.go:74.2,74.12 1 0
github.com/buhuipao/anyproxy/pkg/proxy/socks5proxy.go:78.72,79.23 1 1
github.com/buhuipao/anyproxy/pkg/proxy/socks5proxy.go:79.23,81.3 1 0
github.com/buhuipao/anyproxy/pkg/proxy/socks5proxy.go:82.2,82.56 1 1
github.com/buhuipao/anyproxy/pkg/proxy/socks5proxy.go:86.50,88.2 1 0
github.com/buhuipao/anyproxy/pkg/proxy/websocket_writer.go:21.90,27.2 1 1
github.com/buhuipao/anyproxy/pkg/proxy/websocket_writer.go:30.35,33.2 2 1
github.com/buhuipao/anyproxy/pkg/proxy/websocket_writer.go:36.34,37.19 1 1
github.com/buhuipao/anyproxy/pkg/proxy/websocket_writer.go:37.19,42.3 3 1
github.com/buhuipao/anyproxy/pkg/proxy/websocket_writer.go:46.58,48.9 1 1
github.com/buhuipao/anyproxy/pkg/proxy/websocket_writer.go:49.18,50.32 1 1
github.com/buhuipao/anyproxy/pkg/proxy/websocket_writer.go:51.10,51.10 0 1
github.com/buhuipao/anyproxy/pkg/proxy/websocket_writer.go:55.2,55.9 1 1
github.com/buhuipao/anyproxy/pkg/proxy/websocket_writer.go:56.22,57.13 1 1
github.com/buhuipao/anyproxy/pkg/proxy/websocket_writer.go:58.18,59.32 1 0
github.com/buhuipao/anyproxy/pkg/proxy/websocket_writer.go:60.10,62.13 2 0
github.com/buhuipao/anyproxy/pkg/proxy/websocket_writer.go:67.39,70.6 2 1
github.com/buhuipao/anyproxy/pkg/proxy/websocket_writer.go:70.6,71.10 1 1
github.com/buhuipao/anyproxy/pkg/proxy/websocket_writer.go:72.19,75.10 2 1
github.com/buhuipao/anyproxy/pkg/proxy/websocket_writer.go:77.27,78.48 1 1
github.com/buhuipao/anyproxy/pkg/proxy/websocket_writer.go:78.48,82.5 3 0
github.com/buhuipao/anyproxy/pkg/proxy/websocket_writer.go:88.43,89.6 1 1
github.com/buhuipao/anyproxy/pkg/proxy/websocket_writer.go:89.6,90.10 1 1
github.com/buhuipao/anyproxy/pkg/proxy/websocket_writer.go:91.31,92.11 1 1
github.com/buhuipao/anyproxy/pkg/proxy/websocket_writer.go:92.11,94.5 1 0
github.com/buhuipao/anyproxy/pkg/proxy/websocket_writer.go:96.4,96.48 1 1
github.com/buhuipao/anyproxy/pkg/proxy/websocket_writer.go:96.48,98.5 1 0
github.com/buhuipao/anyproxy/pkg/proxy/websocket_writer.go:99.11,100.10 1 1
